<?xml version="1.0" encoding="UTF-8"?>
<!-- Generated by org.testng.reporters.JUnitXMLReporter -->
<testsuite ignored="0" hostname="DESKTOP-LL0VOUT" failures="0" tests="3" name="Test" time="76.446" errors="0" timestamp="2021-08-06T17:48:49 PDT">
  <testcase classname="Remotetesting.Dockervalidation.ChromeTest1" name="test1" time="11.51"/>
  <testcase classname="Remotetesting.Dockervalidation.ChromeTest3" name="test3" time="20.307"/>
  <testcase classname="Remotetesting.Dockervalidation.ChromeTest2" name="test2" time="24.042"/>
</testsuite> <!-- Test -->
