<?xml version="1.0" encoding="UTF-8"?>
<testsuite xmlns:xsi="http://www.w3.org/2001/XMLSchema-instance" xsi:noNamespaceSchemaLocation="https://maven.apache.org/surefire/maven-surefire-plugin/xsd/surefire-test-report-3.0.xsd" version="3.0" name="TestSuite" time="78.35" tests="3" errors="0" skipped="0" failures="0">
  <properties>
[...]
</properties>
  <testcase name="test1" classname="Remotetesting.Dockervalidation.ChromeTest1" time="11.523">
    <system-out><![CDATA[Node is up and running
Google
]]></system-out>
    <system-err><![CDATA[Aug 06, 2021 5:48:08 PM org.openqa.selenium.remote.DesiredCapabilities firefox
INFO: Using `new FirefoxOptions()` is preferred to `DesiredCapabilities.firefox()`
Aug 06, 2021 5:48:17 PM org.openqa.selenium.remote.ProtocolHandshake createSession
INFO: Detected dialect: W3C
Aug 06, 2021 5:48:17 PM org.openqa.selenium.remote.ProtocolHandshake createSession
INFO: Detected dialect: W3C
]]></system-err>
  </testcase>
  <testcase name="test3" classname="Remotetesting.Dockervalidation.ChromeTest3" time="20.305">
    <system-out><![CDATA[Yahoo | Mail, Weather, Search, Politics, News, Finance, Sports & Videos
]]></system-out>
    <system-err><![CDATA[Aug 06, 2021 5:48:25 PM org.openqa.selenium.remote.ProtocolHandshake createSession
INFO: Detected dialect: W3C
]]></system-err>
  </testcase>
  <testcase name="test2" classname="Remotetesting.Dockervalidation.ChromeTest2" time="24.036">
    <system-out><![CDATA[Gmail
]]></system-out>
  </testcase>
</testsuite>